1  		LOADSI #1        
            0  00000000001100010000000000000001     =$00310001
2  		LOADBADRSI       
            1  00000110001000100000000000000000     =$06220000
3  
4  
5  LOOP
6  		LOADSI #1        
            2  00000000001100010000000000000001     =$00310001
7  		LOADADRSIB    
            3  00000000010100100000000000000000     =$00520000
8  		LOADASI          
            4  00000010000100100000000000000000     =$02120000
9  		CMPB #97        
            5  00000000000010110000000001100001     =$000B0061
10  JMPPZ 		MAJUSCULE  
            6  00000000000000000000000000000000     =$00000000
11  
12  
13  
14  CONTINUE	INCSI             
            7  00000010001101010000000000000000     =$02350000
15  		LOADSI #1          
            8  00000000001100010000000000000001     =$00310001
16  		LOADADRSIB    
            9  00000000010100100000000000000000     =$00520000
17  		LOADASI           
            A  00000010000100100000000000000000     =$02120000
18  		CMPB #0           
            B  00000000000010110000000000000000     =$000B0000
19  		JMPPZ fin        
            C  00001000000000000000000000010001     =$08000011
20  		JMP LOOP        
            D  00000000000000000000000000000000     =$00000000
21  
22  MAJUSCULE	SUBB #32          
            E  00000000000010000000000000100000     =$00080020
23  		LOADDIADRSI       
            F  00000110010000100000000000000000     =$06420000
24  		JMP CONTINUE      
           10  10000000000000000000000000000111     =$80000007
25  
26  
27  fin		JMP fin                 11  10000000000000000000000000010001     =$80000011
