1  		LOAD_A_VAL #20
            0  00000000000101000000000000010100     =$00140014
2  loop	LOAD_B_VAL #1
            1  00000000000100100000000000000001     =$00120001
3  		AND_B_A
            2  00000000110110100000000000000000     =$00DA0000
4  		JMPZ pair
            3  00001000000000000000000000001010     =$0800000A
5  		LOAD_B_VAL #3
            4  00000000000100100000000000000011     =$00120003
6  		MUL_A_B
            5  00000000100011000000000000000000     =$008C0000
7  		LOAD_B_A
            6  00000000000110100000000000000000     =$001A0000
8  		INC_B
            7  00000000001100100000000000000000     =$00320000
9  		LOAD_A_B
            8  00000000001001000000000000000000     =$00240000
10  		JMP loop
            9  00000000000000010000000000000001     =$00010001
11  pair	LOAD_B_A
            A  00000000000110100000000000000000     =$001A0000
12  		DIV_B_VAL #2
            B  00000000100100100000000000000010     =$00920002
13  		LOAD_A_B
            C  00000000001001000000000000000000     =$00240000
14  		JMP loop            D  00000000000000010000000000000001     =$00010001
